<?xml version="1.0" encoding="UTF-8"?>
<!-- Generated by org.testng.reporters.JUnitReportReporter -->
<testsuite hostname="DESKTOP-NL9CC06" failures="0" tests="3" name="com.tests.LoginPageTest" time="2.600" errors="0" timestamp="2021-06-11T11:14:05 IST" skipped="0">
  <testcase classname="com.tests.LoginPageTest" name="test02" time="0.415"/>
  <system-out/>
  <testcase classname="com.tests.LoginPageTest" name="verifyTable" time="1.304"/>
  <system-out/>
  <testcase classname="com.tests.LoginPageTest" name="test01" time="0.881"/>
  <system-out/>
</testsuite> <!-- com.tests.LoginPageTest -->
