<?xml version="1.0" encoding="UTF-8"?>
<!-- Generated by org.testng.reporters.JUnitReportReporter -->
<testsuite hostname="DESKTOP-NL9CC06" failures="0" tests="10" name="TestCases.JavaByKiranHomePageTest" time="2.575" errors="0" timestamp="2021-06-05T17:16:46 IST" skipped="0">
  <testcase classname="TestCases.JavaByKiranHomePageTest" name="enterURL" time="1.318"/>
  <system-out/>
  <testcase classname="TestCases.JavaByKiranHomePageTest" name="enterUserName" time="0.153"/>
  <system-out/>
  <testcase classname="TestCases.JavaByKiranHomePageTest" name="enterPassword" time="0.107"/>
  <system-out/>
  <testcase classname="TestCases.JavaByKiranHomePageTest" name="ImageDisplayed" time="0.059"/>
  <system-out/>
  <testcase classname="TestCases.JavaByKiranHomePageTest" name="heading" time="0.074"/>
  <system-out/>
  <testcase classname="TestCases.JavaByKiranHomePageTest" name="pageLogo" time="0.065"/>
  <system-out/>
  <testcase classname="TestCases.JavaByKiranHomePageTest" name="clickOnButton" time="0.288"/>
  <system-out/>
  <testcase classname="TestCases.JavaByKiranHomePageTest" name="getDashBoardPage" time="0.002"/>
  <system-out/>
  <testcase classname="TestCases.JavaByKiranHomePageTest" name="Back" time="0.082"/>
  <system-out/>
  <testcase classname="TestCases.JavaByKiranHomePageTest" name="registerLink" time="0.427"/>
  <system-out/>
</testsuite> <!-- TestCases.JavaByKiranHomePageTest -->
