<?xml version="1.0" encoding="UTF-8"?>
<!-- Generated by org.testng.reporters.JUnitReportReporter -->
<testsuite hostname="DESKTOP-NL9CC06" failures="0" tests="2" name="basicsselenium.DataProviderDemo2" time="1.425" errors="0" timestamp="2021-06-03T10:57:53 IST" skipped="0">
  <testcase classname="basicsselenium.DataProviderDemo2" name="f" time="0.581"/>
  <system-out/>
  <testcase classname="basicsselenium.DataProviderDemo2" name="f" time="0.844"/>
  <system-out/>
</testsuite> <!-- basicsselenium.DataProviderDemo2 -->
