<?xml version="1.0" encoding="UTF-8"?>
<!-- Generated by org.testng.reporters.JUnitReportReporter -->
<testsuite hostname="DESKTOP-NL9CC06" failures="0" tests="1" name="com.testNGEx.Demo2" time="0.000" errors="0" timestamp="2021-06-02T09:38:48 IST" skipped="0">
  <testcase classname="com.testNGEx.Demo2" name="enterurl" time="0.000"/>
  <system-out/>
</testsuite> <!-- com.testNGEx.Demo2 -->
